{
  "RSpec": {
    "coverage": {
      "/Users/meg/Dropbox/aftermakers/megblog/app/controllers/blogs_controller.rb": [
        1,
        1,
        null,
        1,
        35,
        35,
        null,
        null,
        1,
        31,
        31,
        31,
        null,
        null,
        1,
        1,
        null,
        null,
        1,
        1,
        1,
        1,
        1,
        null,
        null,
        null,
        1,
        1,
        null,
        null
      ],
      "/Users/meg/Dropbox/aftermakers/megblog/app/controllers/application_controller.rb": [
        1,
        null,
        null,
        1,
        null
      ],
      "/Users/meg/Dropbox/aftermakers/megblog/app/controllers/posts_controller.rb": [
        1,
        1,
        null,
        1,
        42,
        42,
        42,
        69,
        42,
        null,
        null,
        1,
        15,
        null,
        null,
        1,
        1,
        1,
        1,
        3,
        1,
        null,
        null,
        1,
        15,
        15,
        15,
        15,
        null,
        15,
        null,
        null,
        1,
        1,
        null,
        null,
        1,
        1,
        1,
        1,
        1,
        1,
        null,
        null,
        1,
        1,
        1,
        1,
        1,
        null,
        null,
        1,
        16,
        null,
        null
      ],
      "/Users/meg/Dropbox/aftermakers/megblog/app/models/blog.rb": [
        1,
        1,
        1,
        null
      ],
      "/Users/meg/Dropbox/aftermakers/megblog/app/models/post.rb": [
        1,
        1,
        1,
        null
      ]
    },
    "timestamp": 1411232880
  }
}
